<?xml version="1.0" encoding="UTF-8"?>
<testng-results ignored="0" total="4" passed="4" failed="0" skipped="0">
  <reporter-output>
  </reporter-output>
  <suite started-at="2024-12-03T00:41:46 EST" name="Surefire suite" finished-at="2024-12-03T00:41:47 EST" duration-ms="1783">
    <groups>
    </groups>
    <test started-at="2024-12-03T00:41:46 EST" name="Surefire test" finished-at="2024-12-03T00:41:47 EST" duration-ms="1783">
      <class name="com.example.api.ApiTest">
        <test-method signature="testAllPosts()[pri:0, instance:com.example.api.ApiTest@534df152]" started-at="2024-12-03T00:41:46 EST" name="testAllPosts" finished-at="2024-12-03T00:41:47 EST" duration-ms="1483" status="PASS">
          <reporter-output>
          </reporter-output>
        </test-method> <!-- testAllPosts -->
        <test-method signature="testGetRequest()[pri:0, instance:com.example.api.ApiTest@534df152]" started-at="2024-12-03T00:41:47 EST" name="testGetRequest" finished-at="2024-12-03T00:41:47 EST" duration-ms="67" status="PASS">
          <reporter-output>
          </reporter-output>
        </test-method> <!-- testGetRequest -->
        <test-method signature="testGetRequestWithValidation()[pri:0, instance:com.example.api.ApiTest@534df152]" started-at="2024-12-03T00:41:47 EST" name="testGetRequestWithValidation" finished-at="2024-12-03T00:41:47 EST" duration-ms="60" status="PASS">
          <reporter-output>
          </reporter-output>
        </test-method> <!-- testGetRequestWithValidation -->
        <test-method signature="testPostRequest()[pri:0, instance:com.example.api.ApiTest@534df152]" started-at="2024-12-03T00:41:47 EST" name="testPostRequest" finished-at="2024-12-03T00:41:47 EST" duration-ms="148" status="PASS">
          <reporter-output>
          </reporter-output>
        </test-method> <!-- testPostRequest -->
      </class> <!-- com.example.api.ApiTest -->
    </test> <!-- Surefire test -->
  </suite> <!-- Surefire suite -->
</testng-results>
