<?xml version="1.0" encoding="UTF-8"?>
<testsuite xmlns:xsi="http://www.w3.org/2001/XMLSchema-instance" xsi:noNamespaceSchemaLocation="https://maven.apache.org/surefire/maven-surefire-plugin/xsd/surefire-test-report-3.0.xsd" version="3.0" name="com.example.api.ApiTest" time="2.285" tests="4" errors="0" skipped="0" failures="0">
  <properties>
[...]
</properties>
  <testcase name="testAllPosts" classname="com.example.api.ApiTest" time="1.488">
    <system-out><![CDATA[Number of Posts: 100
]]></system-out>
  </testcase>
  <testcase name="testGetRequest" classname="com.example.api.ApiTest" time="0.058">
    <system-out><![CDATA[Response Body: {
  "userId": 1,
  "id": 1,
  "title": "sunt aut facere repellat provident occaecati excepturi optio reprehenderit",
  "body": "quia et suscipit\nsuscipit recusandae consequuntur expedita et cum\nreprehenderit molestiae ut ut quas totam\nnostrum rerum est autem sunt rem eveniet architecto"
}
]]></system-out>
  </testcase>
  <testcase name="testGetRequestWithValidation" classname="com.example.api.ApiTest" time="0.058">
    <system-out><![CDATA[Enhanced Response Body: {
  "userId": 1,
  "id": 1,
  "title": "sunt aut facere repellat provident occaecati excepturi optio reprehenderit",
  "body": "quia et suscipit\nsuscipit recusandae consequuntur expedita et cum\nreprehenderit molestiae ut ut quas totam\nnostrum rerum est autem sunt rem eveniet architecto"
}
]]></system-out>
  </testcase>
  <testcase name="testPostRequest" classname="com.example.api.ApiTest" time="0.143">
    <system-out><![CDATA[POST Response: {
  "title": "foo",
  "body": "bar",
  "userId": 1,
  "id": 101
}
]]></system-out>
  </testcase>
</testsuite>