<?xml version="1.0" encoding="UTF-8"?>
<!-- Generated by org.testng.reporters.JUnitXMLReporter -->
<testsuite ignored="0" hostname="DESKTOP-1QV4N2B" failures="0" tests="4" name="Surefire test" time="1.783" errors="0" timestamp="2024-12-03T00:41:47 EST">
  <testcase classname="com.example.api.ApiTest" name="testAllPosts" time="1.483"/>
  <testcase classname="com.example.api.ApiTest" name="testGetRequest" time="0.067"/>
  <testcase classname="com.example.api.ApiTest" name="testGetRequestWithValidation" time="0.06"/>
  <testcase classname="com.example.api.ApiTest" name="testPostRequest" time="0.148"/>
</testsuite> <!-- Surefire test -->
